Started GET "/" for ::1 at 2024-08-30 14:10:07 -0500
  [1m[35m (4.4ms)[0m  [1m[35mCREATE TABLE "schema_migrations" ("version" varchar NOT NULL PRIMARY KEY)[0m
  [1m[35m (0.7ms)[0m  [1m[35mCREATE TABLE "ar_internal_metadata" ("key" varchar NOT NULL PRIMARY KEY, "value" varchar, "created_at" datetime(6) NOT NULL, "updated_at" datetime(6) NOT NULL)[0m
  [1m[36mActiveRecord::SchemaMigration Load (0.5ms)[0m  [1m[34mSELECT "schema_migrations"."version" FROM "schema_migrations" ORDER BY "schema_migrations"."version" ASC[0m
Started GET "/" for ::1 at 2024-08-30 14:10:09 -0500
Processing by Rails::WelcomeController#index as HTML
Processing by Rails::WelcomeController#index as HTML
  Rendering C:/Ruby33-x64/lib/ruby/gems/3.3.0/gems/railties-7.2.1/lib/rails/templates/rails/welcome/index.html.erb
  Rendering C:/Ruby33-x64/lib/ruby/gems/3.3.0/gems/railties-7.2.1/lib/rails/templates/rails/welcome/index.html.erb
  Rendered C:/Ruby33-x64/lib/ruby/gems/3.3.0/gems/railties-7.2.1/lib/rails/templates/rails/welcome/index.html.erb (Duration: 4.4ms | GC: 0.0ms)
Completed 200 OK in 271ms (Views: 136.6ms | ActiveRecord: 0.0ms (0 queries, 0 cached) | GC: 0.0ms)


  Rendered C:/Ruby33-x64/lib/ruby/gems/3.3.0/gems/railties-7.2.1/lib/rails/templates/rails/welcome/index.html.erb (Duration: 4.5ms | GC: 0.0ms)
Completed 200 OK in 577ms (Views: 119.5ms | ActiveRecord: 0.0ms (0 queries, 0 cached) | GC: 0.0ms)


Started GET "/" for ::1 at 2024-08-30 14:12:02 -0500
  [1m[36mActiveRecord::SchemaMigration Load (0.5ms)[0m  [1m[34mSELECT "schema_migrations"."version" FROM "schema_migrations" ORDER BY "schema_migrations"."version" ASC[0m
  
ActiveRecord::PendingMigrationError (

Migrations are pending. To resolve this issue, run:

        bin/rails db:migrate

You have 1 pending migration:

db/migrate/20240830191141_create_profiles.rb


):
  
activerecord (7.2.1) lib/active_record/migration.rb:756:in `check_pending_migrations'
activerecord (7.2.1) lib/active_record/migration.rb:663:in `block (2 levels) in call'
activesupport (7.2.1) lib/active_support/file_update_checker.rb:85:in `execute'
activerecord (7.2.1) lib/active_record/migration.rb:668:in `block in call'
activerecord (7.2.1) lib/active_record/migration.rb:660:in `synchronize'
activerecord (7.2.1) lib/active_record/migration.rb:660:in `call'
actionpack (7.2.1) lib/action_dispatch/middleware/callbacks.rb:31:in `block in call'
activesupport (7.2.1) lib/active_support/callbacks.rb:101:in `run_callbacks'
actionpack (7.2.1) lib/action_dispatch/middleware/callbacks.rb:30:in `call'
actionpack (7.2.1) lib/action_dispatch/middleware/executor.rb:16:in `call'
actionpack (7.2.1) lib/action_dispatch/middleware/actionable_exceptions.rb:18:in `call'
actionpack (7.2.1) lib/action_dispatch/middleware/debug_exceptions.rb:31:in `call'
web-console (4.2.1) lib/web_console/middleware.rb:132:in `call_app'
web-console (4.2.1) lib/web_console/middleware.rb:28:in `block in call'
web-console (4.2.1) lib/web_console/middleware.rb:17:in `catch'
web-console (4.2.1) lib/web_console/middleware.rb:17:in `call'
actionpack (7.2.1) lib/action_dispatch/middleware/show_exceptions.rb:32:in `call'
railties (7.2.1) lib/rails/rack/logger.rb:41:in `call_app'
railties (7.2.1) lib/rails/rack/logger.rb:29:in `call'
sprockets-rails (3.5.2) lib/sprockets/rails/quiet_assets.rb:17:in `call'
actionpack (7.2.1) lib/action_dispatch/middleware/remote_ip.rb:96:in `call'
actionpack (7.2.1) lib/action_dispatch/middleware/request_id.rb:33:in `call'
rack (3.1.7) lib/rack/method_override.rb:28:in `call'
rack (3.1.7) lib/rack/runtime.rb:24:in `call'
activesupport (7.2.1) lib/active_support/cache/strategy/local_cache_middleware.rb:29:in `call'
actionpack (7.2.1) lib/action_dispatch/middleware/server_timing.rb:61:in `block in call'
actionpack (7.2.1) lib/action_dispatch/middleware/server_timing.rb:26:in `collect_events'
actionpack (7.2.1) lib/action_dispatch/middleware/server_timing.rb:60:in `call'
actionpack (7.2.1) lib/action_dispatch/middleware/executor.rb:16:in `call'
actionpack (7.2.1) lib/action_dispatch/middleware/static.rb:27:in `call'
rack (3.1.7) lib/rack/sendfile.rb:114:in `call'
actionpack (7.2.1) lib/action_dispatch/middleware/host_authorization.rb:143:in `call'
railties (7.2.1) lib/rails/engine.rb:535:in `call'
puma (6.4.2) lib/puma/configuration.rb:272:in `call'
puma (6.4.2) lib/puma/request.rb:100:in `block in handle_request'
puma (6.4.2) lib/puma/thread_pool.rb:378:in `with_force_shutdown'
puma (6.4.2) lib/puma/request.rb:99:in `handle_request'
puma (6.4.2) lib/puma/server.rb:464:in `process_client'
puma (6.4.2) lib/puma/server.rb:245:in `block in run'
puma (6.4.2) lib/puma/thread_pool.rb:155:in `block in spawn_thread'
Started GET "/favicon.ico" for ::1 at 2024-08-30 14:12:05 -0500
  [1m[36mActiveRecord::SchemaMigration Load (0.4ms)[0m  [1m[34mSELECT "schema_migrations"."version" FROM "schema_migrations" ORDER BY "schema_migrations"."version" ASC[0m
  
ActiveRecord::PendingMigrationError (

Migrations are pending. To resolve this issue, run:

        bin/rails db:migrate

You have 1 pending migration:

db/migrate/20240830191141_create_profiles.rb


):
  
activerecord (7.2.1) lib/active_record/migration.rb:756:in `check_pending_migrations'
activerecord (7.2.1) lib/active_record/migration.rb:663:in `block (2 levels) in call'
activesupport (7.2.1) lib/active_support/file_update_checker.rb:85:in `execute'
activerecord (7.2.1) lib/active_record/migration.rb:668:in `block in call'
activerecord (7.2.1) lib/active_record/migration.rb:660:in `synchronize'
activerecord (7.2.1) lib/active_record/migration.rb:660:in `call'
actionpack (7.2.1) lib/action_dispatch/middleware/callbacks.rb:31:in `block in call'
activesupport (7.2.1) lib/active_support/callbacks.rb:101:in `run_callbacks'
actionpack (7.2.1) lib/action_dispatch/middleware/callbacks.rb:30:in `call'
actionpack (7.2.1) lib/action_dispatch/middleware/executor.rb:16:in `call'
actionpack (7.2.1) lib/action_dispatch/middleware/actionable_exceptions.rb:18:in `call'
actionpack (7.2.1) lib/action_dispatch/middleware/debug_exceptions.rb:31:in `call'
web-console (4.2.1) lib/web_console/middleware.rb:132:in `call_app'
web-console (4.2.1) lib/web_console/middleware.rb:28:in `block in call'
web-console (4.2.1) lib/web_console/middleware.rb:17:in `catch'
web-console (4.2.1) lib/web_console/middleware.rb:17:in `call'
actionpack (7.2.1) lib/action_dispatch/middleware/show_exceptions.rb:32:in `call'
railties (7.2.1) lib/rails/rack/logger.rb:41:in `call_app'
railties (7.2.1) lib/rails/rack/logger.rb:29:in `call'
sprockets-rails (3.5.2) lib/sprockets/rails/quiet_assets.rb:17:in `call'
actionpack (7.2.1) lib/action_dispatch/middleware/remote_ip.rb:96:in `call'
actionpack (7.2.1) lib/action_dispatch/middleware/request_id.rb:33:in `call'
rack (3.1.7) lib/rack/method_override.rb:28:in `call'
rack (3.1.7) lib/rack/runtime.rb:24:in `call'
activesupport (7.2.1) lib/active_support/cache/strategy/local_cache_middleware.rb:29:in `call'
actionpack (7.2.1) lib/action_dispatch/middleware/server_timing.rb:61:in `block in call'
actionpack (7.2.1) lib/action_dispatch/middleware/server_timing.rb:26:in `collect_events'
actionpack (7.2.1) lib/action_dispatch/middleware/server_timing.rb:60:in `call'
actionpack (7.2.1) lib/action_dispatch/middleware/executor.rb:16:in `call'
actionpack (7.2.1) lib/action_dispatch/middleware/static.rb:27:in `call'
rack (3.1.7) lib/rack/sendfile.rb:114:in `call'
actionpack (7.2.1) lib/action_dispatch/middleware/host_authorization.rb:143:in `call'
railties (7.2.1) lib/rails/engine.rb:535:in `call'
puma (6.4.2) lib/puma/configuration.rb:272:in `call'
puma (6.4.2) lib/puma/request.rb:100:in `block in handle_request'
puma (6.4.2) lib/puma/thread_pool.rb:378:in `with_force_shutdown'
puma (6.4.2) lib/puma/request.rb:99:in `handle_request'
puma (6.4.2) lib/puma/server.rb:464:in `process_client'
puma (6.4.2) lib/puma/server.rb:245:in `block in run'
puma (6.4.2) lib/puma/thread_pool.rb:155:in `block in spawn_thread'
  [1m[36mActiveRecord::InternalMetadata Load (0.5ms)[0m  [1m[34mSELECT * FROM "ar_internal_metadata" WHERE "ar_internal_metadata"."key" = ? ORDER BY "ar_internal_metadata"."key" ASC LIMIT 1[0m  [[nil, "environment"]]
  [1m[36mActiveRecord::InternalMetadata Create (11.1ms)[0m  [1m[32mINSERT INTO "ar_internal_metadata" ("key", "value", "created_at", "updated_at") VALUES ('environment', 'development', '2024-08-30 19:13:00.816291', '2024-08-30 19:13:00.816300') RETURNING "key"[0m
  [1m[36mActiveRecord::SchemaMigration Load (0.4ms)[0m  [1m[34mSELECT "schema_migrations"."version" FROM "schema_migrations" ORDER BY "schema_migrations"."version" ASC[0m
Migrating to CreateProfiles (20240830191141)
  [1m[36mTRANSACTION (0.1ms)[0m  [1m[36mbegin transaction[0m
  [1m[35m (5.4ms)[0m  [1m[35mCREATE TABLE "profiles" ("id" integer PRIMARY KEY AUTOINCREMENT NOT NULL, "name" varchar, "lastname" varchar, "age" varchar, "created_at" datetime(6) NOT NULL, "updated_at" datetime(6) NOT NULL)[0m
  [1m[36mActiveRecord::SchemaMigration Create (0.5ms)[0m  [1m[32mINSERT INTO "schema_migrations" ("version") VALUES ('20240830191141') RETURNING "version"[0m
  [1m[36mTRANSACTION (0.6ms)[0m  [1m[36mcommit transaction[0m
  [1m[36mActiveRecord::SchemaMigration Load (0.2ms)[0m  [1m[34mSELECT "schema_migrations"."version" FROM "schema_migrations" ORDER BY "schema_migrations"."version" ASC[0m
Started GET "/" for ::1 at 2024-08-30 14:14:47 -0500
  [1m[36mActiveRecord::SchemaMigration Load (0.5ms)[0m  [1m[34mSELECT "schema_migrations"."version" FROM "schema_migrations" ORDER BY "schema_migrations"."version" ASC[0m
Processing by ProfilesController#index as HTML
  Rendering layout layouts/application.html.erb
  Rendering profiles/index.html.erb within layouts/application
  [1m[36mProfile Load (5.0ms)[0m  [1m[34mSELECT "profiles".* FROM "profiles"[0m
  ↳ app/views/profiles/index.html.erb:8
  Rendered profiles/index.html.erb within layouts/application (Duration: 20.3ms | GC: 0.0ms)
  Rendered layout layouts/application.html.erb (Duration: 2110.4ms | GC: 1.1ms)
Completed 200 OK in 3176ms (Views: 2128.5ms | ActiveRecord: 5.4ms (1 query, 0 cached) | GC: 1.1ms)


Started GET "/manifest.json" for ::1 at 2024-08-30 14:14:52 -0500
Started GET "/profiles/new" for ::1 at 2024-08-30 14:14:52 -0500
Processing by ProfilesController#new as HTML
  Rendering layout layouts/application.html.erb
  Rendering profiles/new.html.erb within layouts/application
Processing by Rails::PwaController#manifest as JSON
  Rendering pwa/manifest.json.erb
  Rendered pwa/manifest.json.erb (Duration: 3.8ms | GC: 0.0ms)
Completed 200 OK in 48ms (Views: 18.0ms | ActiveRecord: 0.0ms (0 queries, 0 cached) | GC: 0.0ms)


  Rendered profiles/_form.html.erb (Duration: 363.9ms | GC: 0.0ms)
  Rendered profiles/new.html.erb within layouts/application (Duration: 378.3ms | GC: 0.0ms)
  Rendered layout layouts/application.html.erb (Duration: 393.5ms | GC: 0.0ms)
Completed 200 OK in 434ms (Views: 396.5ms | ActiveRecord: 1.4ms (0 queries, 0 cached) | GC: 0.0ms)


Started GET "/profiles/new" for ::1 at 2024-08-30 14:15:16 -0500
Processing by ProfilesController#new as HTML
  Rendering layout layouts/application.html.erb
  Rendering profiles/new.html.erb within layouts/application
  Rendered profiles/_form.html.erb (Duration: 5.2ms | GC: 0.0ms)
  Rendered profiles/new.html.erb within layouts/application (Duration: 9.4ms | GC: 0.0ms)
  Rendered layout layouts/application.html.erb (Duration: 26.8ms | GC: 0.0ms)
Completed 200 OK in 36ms (Views: 28.8ms | ActiveRecord: 0.0ms (0 queries, 0 cached) | GC: 0.0ms)


Started POST "/profiles" for ::1 at 2024-08-30 14:15:23 -0500
Processing by ProfilesController#create as TURBO_STREAM
  Parameters: {"authenticity_token"=>"[FILTERED]", "profile"=>{"name"=>"Juan ", "lastname"=>"David", "age"=>"25"}, "commit"=>"Create Profile"}
  [1m[36mTRANSACTION (0.2ms)[0m  [1m[36mbegin transaction[0m
  ↳ app/controllers/profiles_controller.rb:27:in `block in create'
  [1m[36mProfile Create (7.0ms)[0m  [1m[32mINSERT INTO "profiles" ("name", "lastname", "age", "created_at", "updated_at") VALUES (?, ?, ?, ?, ?) RETURNING "id"[0m  [["name", "Juan "], ["lastname", "David"], ["age", "25"], ["created_at", "2024-08-30 19:15:23.210672"], ["updated_at", "2024-08-30 19:15:23.210672"]]
  ↳ app/controllers/profiles_controller.rb:27:in `block in create'
  [1m[36mTRANSACTION (3.4ms)[0m  [1m[36mcommit transaction[0m
  ↳ app/controllers/profiles_controller.rb:27:in `block in create'
Redirected to http://localhost:3000/profiles/1
Completed 302 Found in 44ms (ActiveRecord: 10.5ms (1 query, 0 cached) | GC: 0.0ms)


Started GET "/profiles/1" for ::1 at 2024-08-30 14:15:23 -0500
Processing by ProfilesController#show as TURBO_STREAM
  Parameters: {"id"=>"1"}
  [1m[36mProfile Load (0.4ms)[0m  [1m[34mSELECT "profiles".* FROM "profiles" WHERE "profiles"."id" = ? LIMIT ?[0m  [["id", 1], ["LIMIT", 1]]
  ↳ app/controllers/profiles_controller.rb:63:in `set_profile'
  Rendering layout layouts/application.html.erb
  Rendering profiles/show.html.erb within layouts/application
  Rendered profiles/_profile.html.erb (Duration: 3.0ms | GC: 0.0ms)
  Rendered profiles/show.html.erb within layouts/application (Duration: 46.6ms | GC: 0.0ms)
  Rendered layout layouts/application.html.erb (Duration: 63.7ms | GC: 0.0ms)
Completed 200 OK in 133ms (Views: 66.3ms | ActiveRecord: 0.3ms (1 query, 0 cached) | GC: 0.0ms)


Started GET "/" for ::1 at 2024-08-30 14:16:14 -0500
  [1m[36mActiveRecord::SchemaMigration Load (0.5ms)[0m  [1m[34mSELECT "schema_migrations"."version" FROM "schema_migrations" ORDER BY "schema_migrations"."version" ASC[0m
Processing by ProfilesController#index as HTML
  Rendering layout layouts/application.html.erb
  Rendering profiles/index.html.erb within layouts/application
  [1m[36mProfile Load (5.4ms)[0m  [1m[34mSELECT "profiles".* FROM "profiles"[0m
  ↳ app/views/profiles/index.html.erb:8
  Rendered profiles/_profile.html.erb (Duration: 1.5ms | GC: 0.0ms)
  Rendered profiles/index.html.erb within layouts/application (Duration: 76.7ms | GC: 0.0ms)
  Rendered layout layouts/application.html.erb (Duration: 355.8ms | GC: 0.0ms)
Completed 200 OK in 594ms (Views: 381.5ms | ActiveRecord: 7.6ms (1 query, 0 cached) | GC: 0.0ms)


Started GET "/manifest.json" for ::1 at 2024-08-30 14:16:16 -0500
Processing by Rails::PwaController#manifest as JSON
  Rendering pwa/manifest.json.erb
  Rendered pwa/manifest.json.erb (Duration: 1.8ms | GC: 0.0ms)
Completed 200 OK in 16ms (Views: 8.8ms | ActiveRecord: 0.0ms (0 queries, 0 cached) | GC: 0.0ms)


Started GET "/" for ::1 at 2024-08-30 14:16:19 -0500
Processing by ProfilesController#index as HTML
  Rendering layout layouts/application.html.erb
  Rendering profiles/index.html.erb within layouts/application
  [1m[36mProfile Load (0.2ms)[0m  [1m[34mSELECT "profiles".* FROM "profiles"[0m
  ↳ app/views/profiles/index.html.erb:8
  Rendered profiles/_profile.html.erb (Duration: 0.2ms | GC: 0.0ms)
  Rendered profiles/index.html.erb within layouts/application (Duration: 11.5ms | GC: 0.0ms)
  Rendered layout layouts/application.html.erb (Duration: 26.1ms | GC: 0.0ms)
Completed 200 OK in 40ms (Views: 28.2ms | ActiveRecord: 0.2ms (1 query, 0 cached) | GC: 0.0ms)


Started GET "/manifest.json" for ::1 at 2024-08-30 14:16:19 -0500
Processing by Rails::PwaController#manifest as JSON
  Rendering pwa/manifest.json.erb
  Rendered pwa/manifest.json.erb (Duration: 1.0ms | GC: 0.0ms)
Completed 200 OK in 8ms (Views: 2.7ms | ActiveRecord: 0.0ms (0 queries, 0 cached) | GC: 0.0ms)


